<?xml version="1.0" encoding="UTF-8"?>
<testng-results ignored="0" total="1" passed="1" failed="0" skipped="0">
  <reporter-output>
  </reporter-output>
  <suite started-at="2024-11-05T17:54:13 IST" name="Default suite" finished-at="2024-11-05T17:54:15 IST" duration-ms="2270">
    <groups>
    </groups>
    <test started-at="2024-11-05T17:54:13 IST" name="Default test" finished-at="2024-11-05T17:54:15 IST" duration-ms="2270">
      <class name="rcrm.ExtentReport.AllAssignedCandidatesPageTest">
        <test-method signature="bulkEmailToCandidateInAllAssignedCandidateListView()[pri:0, instance:rcrm.ExtentReport.AllAssignedCandidatesPageTest@13330ac6]" started-at="2024-11-05T17:54:13 IST" name="bulkEmailToCandidateInAllAssignedCandidateListView" finished-at="2024-11-05T17:54:15 IST" duration-ms="2112" status="PASS">
          <reporter-output>
          </reporter-output>
        </test-method> <!-- bulkEmailToCandidateInAllAssignedCandidateListView -->
        <test-method is-config="true" signature="dropDriver()[pri:0, instance:rcrm.ExtentReport.AllAssignedCandidatesPageTest@13330ac6]" started-at="2024-11-05T17:54:15 IST" name="dropDriver" finished-at="2024-11-05T17:54:15 IST" duration-ms="144" status="PASS">
          <reporter-output>
          </reporter-output>
        </test-method> <!-- dropDriver -->
        <test-method is-config="true" signature="tearDownSuite()[pri:0, instance:rcrm.ExtentReport.AllAssignedCandidatesPageTest@13330ac6]" started-at="2024-11-05T17:54:15 IST" name="tearDownSuite" finished-at="2024-11-05T17:54:15 IST" duration-ms="235" status="PASS">
          <reporter-output>
          </reporter-output>
        </test-method> <!-- tearDownSuite -->
      </class> <!-- rcrm.ExtentReport.AllAssignedCandidatesPageTest -->
    </test> <!-- Default test -->
  </suite> <!-- Default suite -->
</testng-results>
